[MYLOG]🔄 Cleared test data storage before execution.
[MYLOG] :  [31m************************[   MOST ACTIVE FUTURE CONTRACTS   ]*********************[0m
[MYLOG] :  [31m************************[   MOST ACTIVE FUTURE CONTRACTS   ]*********************[0m
[MYLOG] :  INFY
[MYLOG] :  AXISBANK
[MYLOG] :  HAL
[MYLOG] :  TATAMOTORS
[MYLOG] :  BSE
[MYLOG] :  MAZDOCK
[MYLOG] :  M&M
[MYLOG] :  GAIL
[MYLOG] :  MARUTI
[MYLOG] :  IDEA
[MYLOG] :  TCS
[MYLOG] :  VEDL
[MYLOG] :  RELIANCE
[MYLOG] :  BEL
[MYLOG] :  INDUSTOWER
[MYLOG] :  MOTHERSON
[MYLOG] :  LODHA
[MYLOG] :  BAJFINANCE
[MYLOG] :  LUPIN
[MYLOG] :  HINDALCO
[MYLOG] :  [31m************************[   MOST ACTIVE FUTURE CONTRACTS   ]*********************[0m
[MYLOG] :  [31m********************[  RISE In OI ad RISE In PRICE (BULLISH) ]*****************[0m
[MYLOG] :  INFY
[MYLOG] :  MARUTI
[MYLOG] :  [31m********************[   RISE In OI ad RISE In PRICE (BULLISH) ]*****************[0m
[MYLOG] :  [31m********************[  SLIDE In OI RISE In PRICE  (BULLISH) ]*****************[0m
[MYLOG] :  MAZDOCK
[MYLOG] :  HAL
[MYLOG] :  GAIL
[MYLOG] :  RELIANCE
[MYLOG] :  OFSS
[MYLOG] :  BDL
[MYLOG] :  LT
[MYLOG] :  AMBUJACEM
[MYLOG] :  TATAMOTORS
[MYLOG] :  IDEA
[MYLOG] :  [31m********************[  SLIDE In OI RISE In PRICE  (BULLISH) ]*****************[0m
[MYLOG] :  [31m************************[  MOST ACTIVE STOCKS CALLS   ]*********************[0m
[MYLOG] :  INFY
[MYLOG] :  TATAMOTORS
[MYLOG] :  MARUTI
[MYLOG] :  MAZDOCK
[MYLOG] :  HAL
[MYLOG] :  AXISBANK
[MYLOG] :  RELIANCE
[MYLOG] :  M&M
[MYLOG] :  EICHERMOT
[MYLOG] :  [31m************************[  MOST ACTIVE STOCKS CALLS   ]*********************[0m
[MYLOG] :  [31m******************[  MOST ACTIVE STOCKS PUTS  ]********************[0m
[MYLOG] :  [31m******************[  MOST ACTIVE STOCKS PUTS  ]********************[0m
[MYLOG] :  INFY
[MYLOG] :  MARUTI
[MYLOG] :  BSE
[MYLOG] :  M&M
[MYLOG] :  AXISBANK
[MYLOG] :  MAZDOCK
[MYLOG] :  TATAMOTORS
[MYLOG] :  HAL
[MYLOG] :  RELIANCE
[MYLOG] :  [31m******************[  MOST ACTIVE STOCKS PUTS  ]********************[0m
[MYLOG] :  ****************** CHARTLINK MOMENTUM STOCKS ************************** 
[MYLOG] :  MAZDOCK
[MYLOG] :  3.67%
[MYLOG] :  BDL
[MYLOG] :  2.99%
[MYLOG] :  NUVAMA
[MYLOG] :  2.91%
[MYLOG] :  BSE
[MYLOG] :  2.69%
[MYLOG] :  LUPIN
[MYLOG] :  2.46%
[MYLOG] :  HAL
[MYLOG] :  2.29%
[MYLOG] :  MCX
[MYLOG] :  2.12%
[MYLOG] :  EICHERMOT
[MYLOG] :  1.64%
[MYLOG] :  ASTRAL
[MYLOG] :  1.55%
[MYLOG] :  MARUTI
[MYLOG] :  1.53%
[MYLOG] :  INDIGO
[MYLOG] :  1.47%
[MYLOG] :  SUPREMEIND
[MYLOG] :  1.46%
[MYLOG] :  LAURUSLABS
[MYLOG] :  1.46%
[MYLOG] :  KAYNES
[MYLOG] :  1.38%
[MYLOG] :  SHRIRAMFIN
[MYLOG] :  1.36%
[MYLOG] :  PNBHOUSING
[MYLOG] :  1.35%
[MYLOG] :  INFY
[MYLOG] :  1.33%
[MYLOG] :  CDSL
[MYLOG] :  1.28%
[MYLOG] :  BAJFINANCE
[MYLOG] :  1.24%
[MYLOG] :  CHOLAFIN
[MYLOG] :  1.2%
[MYLOG] :  ****************** CHARTLINK MOMENTUM STOCKS ************************** 
[MYLOG]✅ All Test Data Collected: [INFY, AXISBANK, HAL, TATAMOTORS, BSE, MAZDOCK, M&M, GAIL, MARUTI, IDEA, TCS, VEDL, RELIANCE, BEL, INDUSTOWER, MOTHERSON, LODHA, BAJFINANCE, LUPIN, HINDALCO, INFY, MARUTI, MAZDOCK, HAL, GAIL, RELIANCE, OFSS, BDL, LT, AMBUJACEM, TATAMOTORS, IDEA, INFY, TATAMOTORS, MARUTI, MAZDOCK, HAL, AXISBANK, RELIANCE, M&M, EICHERMOT, INFY, MARUTI, BSE, M&M, AXISBANK, MAZDOCK, TATAMOTORS, HAL, RELIANCE]
[MYLOG] 📊 Frequency Count:
[MYLOG] EICHERMOT - 1
[MYLOG] TCS - 1
[MYLOG] AMBUJACEM - 1
[MYLOG] MAZDOCK - 4
[MYLOG] LT - 1
[MYLOG] LODHA - 1
[MYLOG] BDL - 1
[MYLOG] TATAMOTORS - 4
[MYLOG] AXISBANK - 3
[MYLOG] OFSS - 1
[MYLOG] MARUTI - 4
[MYLOG] IDEA - 2
[MYLOG] BSE - 2
[MYLOG] LUPIN - 1
[MYLOG] INFY - 4
[MYLOG] GAIL - 2
[MYLOG] INDUSTOWER - 1
[MYLOG] VEDL - 1
[MYLOG] MOTHERSON - 1
[MYLOG] BEL - 1
[MYLOG] HAL - 4
[MYLOG] M&M - 3
[MYLOG] BAJFINANCE - 1
[MYLOG] HINDALCO - 1
[MYLOG] RELIANCE - 4
